\BOOKMARK [0][]{chapter.1}{1 XML}{}% 1
\BOOKMARK [1][-]{section.1.1}{1.1 Beispiele f\374r XML-basierte Sprachen}{chapter.1}% 2
\BOOKMARK [1][-]{section.1.2}{1.2 DOCTYPE-Deklaration}{chapter.1}% 3
\BOOKMARK [1][-]{section.1.3}{1.3 Wesentliche Eigenschaften von XML-Dateien}{chapter.1}% 4
\BOOKMARK [1][-]{section.1.4}{1.4 Document Type Definition}{chapter.1}% 5
\BOOKMARK [1][-]{section.1.5}{1.5 ELEMENT-Deklaration}{chapter.1}% 6
\BOOKMARK [1][-]{section.1.6}{1.6 ATTLIST-Deklaration}{chapter.1}% 7
\BOOKMARK [2][-]{subsection.1.6.1}{1.6.1 Beispiel}{section.1.6}% 8
\BOOKMARK [0][]{chapter.2}{2 XSL}{}% 9
\BOOKMARK [1][-]{section.2.1}{2.1 Bestandteile}{chapter.2}% 10
\BOOKMARK [0][]{chapter.3}{3 XSLT}{}% 11
\BOOKMARK [1][-]{section.3.1}{3.1 Transfomation}{chapter.3}% 12
\BOOKMARK [0][]{chapter.4}{4 XPath}{}% 13
\BOOKMARK [1][-]{section.4.1}{4.1 XPath Baumstruktur}{chapter.4}% 14
\BOOKMARK [1][-]{section.4.2}{4.2 Lokalisierungsschritte}{chapter.4}% 15
\BOOKMARK [2][-]{subsection.4.2.1}{4.2.1 Achsenausdr\374cke \(ausf\374hrliche Notation\)}{section.4.2}% 16
\BOOKMARK [2][-]{subsection.4.2.2}{4.2.2 Knotentest}{section.4.2}% 17
\BOOKMARK [2][-]{subsection.4.2.3}{4.2.3 Pr\344dikate}{section.4.2}% 18
\BOOKMARK [0][]{chapter*.4}{ Abbildungsverzeichnis}{}% 19
\BOOKMARK [0][]{chapter*.5}{ Tabellenverzeichnis}{}% 20
\BOOKMARK [0][]{chapter*.6}{ Listings}{}% 21
